2025-05-12 16:27:31,637 - INFO - 🚀 Iniciando sistema de registro de chamados...
2025-05-12 16:27:31,637 - INFO - Carregando credenciais...
2025-05-12 16:27:31,639 - INFO - Inicializando navegador...
2025-05-12 16:27:33,867 - INFO - 🔄 Iniciando processo de login...
2025-05-12 16:27:36,005 - INFO - Preenchendo credenciais...
2025-05-12 16:27:42,472 - INFO - Clicando no botão de login...
2025-05-12 16:27:43,411 - INFO - Aguardando QR code desaparecer...
2025-05-12 16:27:51,638 - INFO - ✅ Login realizado com sucesso!
2025-05-12 16:27:51,638 - INFO - Carregando dados da planilha...
2025-05-12 16:27:51,997 - INFO - 📊 Total de registros a processar: 6
2025-05-12 16:27:51,997 - INFO - 
==================================================
2025-05-12 16:27:51,998 - INFO - [Linha 0] 📝 Iniciando processamento do registro 1/6
2025-05-12 16:27:51,998 - INFO - 
[Linha 0] Iniciando preenchimento do formulário...
2025-05-12 16:27:51,998 - INFO - [Linha 0] Documento original: 055.348.991-74
2025-05-12 16:27:51,999 - INFO - [Linha 0] Documento formatado: 055.348.991-74
2025-05-12 16:28:31,858 - ERROR - [Linha 0] ❌ ERRO em preencher formulário: Message: 
Stacktrace:
	GetHandleVerifier [0x00007FF683A45335+78597]
	GetHandleVerifier [0x00007FF683A45390+78688]
	(No symbol) [0x00007FF6837F91AA]
	(No symbol) [0x00007FF68384F149]
	(No symbol) [0x00007FF68384F3FC]
	(No symbol) [0x00007FF6838A2467]
	(No symbol) [0x00007FF68387712F]
	(No symbol) [0x00007FF68389F2BB]
	(No symbol) [0x00007FF683876EC3]
	(No symbol) [0x00007FF6838403F8]
	(No symbol) [0x00007FF683841163]
	GetHandleVerifier [0x00007FF683CEEEED+2870973]
	GetHandleVerifier [0x00007FF683CE9698+2848360]
	GetHandleVerifier [0x00007FF683D06973+2967875]
	GetHandleVerifier [0x00007FF683A6017A+188746]
	GetHandleVerifier [0x00007FF683A6845F+222255]
	GetHandleVerifier [0x00007FF683A4D2B4+111236]
	GetHandleVerifier [0x00007FF683A4D462+111666]
	GetHandleVerifier [0x00007FF683A33589+5465]
	BaseThreadInitThunk [0x00007FFA0AE87374+20]
	RtlUserThreadStart [0x00007FFA0CDDCC91+33]

2025-05-12 16:28:31,859 - ERROR - Stack trace:
Traceback (most recent call last):
  File "C:\Users\gabriel.sandres\OneDrive - Sicoob\Área de Trabalho\cod_fonte_registro\registro-chamados-codigo-fonte\main.py", line 604, in preencher_formulario
    campo_protocolo = WebDriverWait(driver, 10).until(
                      ^^^^^^^^^^^^^^^^^^^^^^^^^^^^^^^^
  File "C:\Users\gabriel.sandres\AppData\Local\Programs\Python\Python312\Lib\site-packages\selenium\webdriver\support\wait.py", line 146, in until
    raise TimeoutException(message, screen, stacktrace)
selenium.common.exceptions.TimeoutException: Message: 
Stacktrace:
	GetHandleVerifier [0x00007FF683A45335+78597]
	GetHandleVerifier [0x00007FF683A45390+78688]
	(No symbol) [0x00007FF6837F91AA]
	(No symbol) [0x00007FF68384F149]
	(No symbol) [0x00007FF68384F3FC]
	(No symbol) [0x00007FF6838A2467]
	(No symbol) [0x00007FF68387712F]
	(No symbol) [0x00007FF68389F2BB]
	(No symbol) [0x00007FF683876EC3]
	(No symbol) [0x00007FF6838403F8]
	(No symbol) [0x00007FF683841163]
	GetHandleVerifier [0x00007FF683CEEEED+2870973]
	GetHandleVerifier [0x00007FF683CE9698+2848360]
	GetHandleVerifier [0x00007FF683D06973+2967875]
	GetHandleVerifier [0x00007FF683A6017A+188746]
	GetHandleVerifier [0x00007FF683A6845F+222255]
	GetHandleVerifier [0x00007FF683A4D2B4+111236]
	GetHandleVerifier [0x00007FF683A4D462+111666]
	GetHandleVerifier [0x00007FF683A33589+5465]
	BaseThreadInitThunk [0x00007FFA0AE87374+20]
	RtlUserThreadStart [0x00007FFA0CDDCC91+33]

2025-05-12 16:28:31,861 - ERROR - [Linha 0] ❌ Erro ao preencher formulário
2025-05-12 16:28:33,862 - INFO - 
==================================================
2025-05-12 16:28:33,862 - INFO - [Linha 1] 📝 Iniciando processamento do registro 2/6
2025-05-12 16:28:33,863 - INFO - 
[Linha 1] Iniciando preenchimento do formulário...
2025-05-12 16:28:33,863 - INFO - [Linha 1] Documento original: 05534899174
2025-05-12 16:28:33,864 - INFO - [Linha 1] Documento formatado: 055.348.991-74
2025-05-12 16:29:04,384 - ERROR - [Linha 1] ❌ ERRO em preencher formulário: Message: 
Stacktrace:
	GetHandleVerifier [0x00007FF683A45335+78597]
	GetHandleVerifier [0x00007FF683A45390+78688]
	(No symbol) [0x00007FF6837F91AA]
	(No symbol) [0x00007FF68384F149]
	(No symbol) [0x00007FF68384F3FC]
	(No symbol) [0x00007FF6838A2467]
	(No symbol) [0x00007FF68387712F]
	(No symbol) [0x00007FF68389F2BB]
	(No symbol) [0x00007FF683876EC3]
	(No symbol) [0x00007FF6838403F8]
	(No symbol) [0x00007FF683841163]
	GetHandleVerifier [0x00007FF683CEEEED+2870973]
	GetHandleVerifier [0x00007FF683CE9698+2848360]
	GetHandleVerifier [0x00007FF683D06973+2967875]
	GetHandleVerifier [0x00007FF683A6017A+188746]
	GetHandleVerifier [0x00007FF683A6845F+222255]
	GetHandleVerifier [0x00007FF683A4D2B4+111236]
	GetHandleVerifier [0x00007FF683A4D462+111666]
	GetHandleVerifier [0x00007FF683A33589+5465]
	BaseThreadInitThunk [0x00007FFA0AE87374+20]
	RtlUserThreadStart [0x00007FFA0CDDCC91+33]

2025-05-12 16:29:04,385 - ERROR - Stack trace:
Traceback (most recent call last):
  File "C:\Users\gabriel.sandres\OneDrive - Sicoob\Área de Trabalho\cod_fonte_registro\registro-chamados-codigo-fonte\main.py", line 496, in preencher_formulario
    campo_documento = WebDriverWait(driver, 30).until(
                      ^^^^^^^^^^^^^^^^^^^^^^^^^^^^^^^^
  File "C:\Users\gabriel.sandres\AppData\Local\Programs\Python\Python312\Lib\site-packages\selenium\webdriver\support\wait.py", line 146, in until
    raise TimeoutException(message, screen, stacktrace)
selenium.common.exceptions.TimeoutException: Message: 
Stacktrace:
	GetHandleVerifier [0x00007FF683A45335+78597]
	GetHandleVerifier [0x00007FF683A45390+78688]
	(No symbol) [0x00007FF6837F91AA]
	(No symbol) [0x00007FF68384F149]
	(No symbol) [0x00007FF68384F3FC]
	(No symbol) [0x00007FF6838A2467]
	(No symbol) [0x00007FF68387712F]
	(No symbol) [0x00007FF68389F2BB]
	(No symbol) [0x00007FF683876EC3]
	(No symbol) [0x00007FF6838403F8]
	(No symbol) [0x00007FF683841163]
	GetHandleVerifier [0x00007FF683CEEEED+2870973]
	GetHandleVerifier [0x00007FF683CE9698+2848360]
	GetHandleVerifier [0x00007FF683D06973+2967875]
	GetHandleVerifier [0x00007FF683A6017A+188746]
	GetHandleVerifier [0x00007FF683A6845F+222255]
	GetHandleVerifier [0x00007FF683A4D2B4+111236]
	GetHandleVerifier [0x00007FF683A4D462+111666]
	GetHandleVerifier [0x00007FF683A33589+5465]
	BaseThreadInitThunk [0x00007FFA0AE87374+20]
	RtlUserThreadStart [0x00007FFA0CDDCC91+33]

2025-05-12 16:29:04,387 - ERROR - [Linha 1] ❌ Erro ao preencher formulário
2025-05-12 16:29:06,388 - INFO - 
==================================================
2025-05-12 16:29:06,388 - INFO - [Linha 2] 📝 Iniciando processamento do registro 3/6
2025-05-12 16:29:06,388 - INFO - 
[Linha 2] Iniciando preenchimento do formulário...
2025-05-12 16:29:06,389 - INFO - [Linha 2] Documento original: 055.348.991-74
2025-05-12 16:29:06,389 - INFO - [Linha 2] Documento formatado: 055.348.991-74
2025-05-12 16:29:36,413 - ERROR - [Linha 2] ❌ ERRO em preencher formulário: Message: 
Stacktrace:
	GetHandleVerifier [0x00007FF683A45335+78597]
	GetHandleVerifier [0x00007FF683A45390+78688]
	(No symbol) [0x00007FF6837F91AA]
	(No symbol) [0x00007FF68384F149]
	(No symbol) [0x00007FF68384F3FC]
	(No symbol) [0x00007FF6838A2467]
	(No symbol) [0x00007FF68387712F]
	(No symbol) [0x00007FF68389F2BB]
	(No symbol) [0x00007FF683876EC3]
	(No symbol) [0x00007FF6838403F8]
	(No symbol) [0x00007FF683841163]
	GetHandleVerifier [0x00007FF683CEEEED+2870973]
	GetHandleVerifier [0x00007FF683CE9698+2848360]
	GetHandleVerifier [0x00007FF683D06973+2967875]
	GetHandleVerifier [0x00007FF683A6017A+188746]
	GetHandleVerifier [0x00007FF683A6845F+222255]
	GetHandleVerifier [0x00007FF683A4D2B4+111236]
	GetHandleVerifier [0x00007FF683A4D462+111666]
	GetHandleVerifier [0x00007FF683A33589+5465]
	BaseThreadInitThunk [0x00007FFA0AE87374+20]
	RtlUserThreadStart [0x00007FFA0CDDCC91+33]

2025-05-12 16:29:36,415 - ERROR - Stack trace:
Traceback (most recent call last):
  File "C:\Users\gabriel.sandres\OneDrive - Sicoob\Área de Trabalho\cod_fonte_registro\registro-chamados-codigo-fonte\main.py", line 496, in preencher_formulario
    campo_documento = WebDriverWait(driver, 30).until(
                      ^^^^^^^^^^^^^^^^^^^^^^^^^^^^^^^^
  File "C:\Users\gabriel.sandres\AppData\Local\Programs\Python\Python312\Lib\site-packages\selenium\webdriver\support\wait.py", line 146, in until
    raise TimeoutException(message, screen, stacktrace)
selenium.common.exceptions.TimeoutException: Message: 
Stacktrace:
	GetHandleVerifier [0x00007FF683A45335+78597]
	GetHandleVerifier [0x00007FF683A45390+78688]
	(No symbol) [0x00007FF6837F91AA]
	(No symbol) [0x00007FF68384F149]
	(No symbol) [0x00007FF68384F3FC]
	(No symbol) [0x00007FF6838A2467]
	(No symbol) [0x00007FF68387712F]
	(No symbol) [0x00007FF68389F2BB]
	(No symbol) [0x00007FF683876EC3]
	(No symbol) [0x00007FF6838403F8]
	(No symbol) [0x00007FF683841163]
	GetHandleVerifier [0x00007FF683CEEEED+2870973]
	GetHandleVerifier [0x00007FF683CE9698+2848360]
	GetHandleVerifier [0x00007FF683D06973+2967875]
	GetHandleVerifier [0x00007FF683A6017A+188746]
	GetHandleVerifier [0x00007FF683A6845F+222255]
	GetHandleVerifier [0x00007FF683A4D2B4+111236]
	GetHandleVerifier [0x00007FF683A4D462+111666]
	GetHandleVerifier [0x00007FF683A33589+5465]
	BaseThreadInitThunk [0x00007FFA0AE87374+20]
	RtlUserThreadStart [0x00007FFA0CDDCC91+33]

2025-05-12 16:29:36,416 - ERROR - [Linha 2] ❌ Erro ao preencher formulário
2025-05-12 16:29:38,418 - INFO - 
==================================================
2025-05-12 16:29:38,418 - INFO - [Linha 3] 📝 Iniciando processamento do registro 4/6
2025-05-12 16:29:38,418 - INFO - 
[Linha 3] Iniciando preenchimento do formulário...
2025-05-12 16:29:38,418 - INFO - [Linha 3] Documento original: 05534899174
2025-05-12 16:29:38,419 - INFO - [Linha 3] Documento formatado: 055.348.991-74
2025-05-12 16:30:08,452 - ERROR - [Linha 3] ❌ ERRO em preencher formulário: Message: 
Stacktrace:
	GetHandleVerifier [0x00007FF683A45335+78597]
	GetHandleVerifier [0x00007FF683A45390+78688]
	(No symbol) [0x00007FF6837F91AA]
	(No symbol) [0x00007FF68384F149]
	(No symbol) [0x00007FF68384F3FC]
	(No symbol) [0x00007FF6838A2467]
	(No symbol) [0x00007FF68387712F]
	(No symbol) [0x00007FF68389F2BB]
	(No symbol) [0x00007FF683876EC3]
	(No symbol) [0x00007FF6838403F8]
	(No symbol) [0x00007FF683841163]
	GetHandleVerifier [0x00007FF683CEEEED+2870973]
	GetHandleVerifier [0x00007FF683CE9698+2848360]
	GetHandleVerifier [0x00007FF683D06973+2967875]
	GetHandleVerifier [0x00007FF683A6017A+188746]
	GetHandleVerifier [0x00007FF683A6845F+222255]
	GetHandleVerifier [0x00007FF683A4D2B4+111236]
	GetHandleVerifier [0x00007FF683A4D462+111666]
	GetHandleVerifier [0x00007FF683A33589+5465]
	BaseThreadInitThunk [0x00007FFA0AE87374+20]
	RtlUserThreadStart [0x00007FFA0CDDCC91+33]

2025-05-12 16:30:08,453 - ERROR - Stack trace:
Traceback (most recent call last):
  File "C:\Users\gabriel.sandres\OneDrive - Sicoob\Área de Trabalho\cod_fonte_registro\registro-chamados-codigo-fonte\main.py", line 496, in preencher_formulario
    campo_documento = WebDriverWait(driver, 30).until(
                      ^^^^^^^^^^^^^^^^^^^^^^^^^^^^^^^^
  File "C:\Users\gabriel.sandres\AppData\Local\Programs\Python\Python312\Lib\site-packages\selenium\webdriver\support\wait.py", line 146, in until
    raise TimeoutException(message, screen, stacktrace)
selenium.common.exceptions.TimeoutException: Message: 
Stacktrace:
	GetHandleVerifier [0x00007FF683A45335+78597]
	GetHandleVerifier [0x00007FF683A45390+78688]
	(No symbol) [0x00007FF6837F91AA]
	(No symbol) [0x00007FF68384F149]
	(No symbol) [0x00007FF68384F3FC]
	(No symbol) [0x00007FF6838A2467]
	(No symbol) [0x00007FF68387712F]
	(No symbol) [0x00007FF68389F2BB]
	(No symbol) [0x00007FF683876EC3]
	(No symbol) [0x00007FF6838403F8]
	(No symbol) [0x00007FF683841163]
	GetHandleVerifier [0x00007FF683CEEEED+2870973]
	GetHandleVerifier [0x00007FF683CE9698+2848360]
	GetHandleVerifier [0x00007FF683D06973+2967875]
	GetHandleVerifier [0x00007FF683A6017A+188746]
	GetHandleVerifier [0x00007FF683A6845F+222255]
	GetHandleVerifier [0x00007FF683A4D2B4+111236]
	GetHandleVerifier [0x00007FF683A4D462+111666]
	GetHandleVerifier [0x00007FF683A33589+5465]
	BaseThreadInitThunk [0x00007FFA0AE87374+20]
	RtlUserThreadStart [0x00007FFA0CDDCC91+33]

2025-05-12 16:30:08,454 - ERROR - [Linha 3] ❌ Erro ao preencher formulário
2025-05-12 16:30:10,455 - INFO - 
==================================================
2025-05-12 16:30:10,455 - INFO - [Linha 4] 📝 Iniciando processamento do registro 5/6
2025-05-12 16:30:10,456 - INFO - 
[Linha 4] Iniciando preenchimento do formulário...
2025-05-12 16:30:10,456 - INFO - [Linha 4] Documento original: 055.348.991-74
2025-05-12 16:30:10,456 - INFO - [Linha 4] Documento formatado: 055.348.991-74
2025-05-12 16:30:40,475 - ERROR - [Linha 4] ❌ ERRO em preencher formulário: Message: 
Stacktrace:
	GetHandleVerifier [0x00007FF683A45335+78597]
	GetHandleVerifier [0x00007FF683A45390+78688]
	(No symbol) [0x00007FF6837F91AA]
	(No symbol) [0x00007FF68384F149]
	(No symbol) [0x00007FF68384F3FC]
	(No symbol) [0x00007FF6838A2467]
	(No symbol) [0x00007FF68387712F]
	(No symbol) [0x00007FF68389F2BB]
	(No symbol) [0x00007FF683876EC3]
	(No symbol) [0x00007FF6838403F8]
	(No symbol) [0x00007FF683841163]
	GetHandleVerifier [0x00007FF683CEEEED+2870973]
	GetHandleVerifier [0x00007FF683CE9698+2848360]
	GetHandleVerifier [0x00007FF683D06973+2967875]
	GetHandleVerifier [0x00007FF683A6017A+188746]
	GetHandleVerifier [0x00007FF683A6845F+222255]
	GetHandleVerifier [0x00007FF683A4D2B4+111236]
	GetHandleVerifier [0x00007FF683A4D462+111666]
	GetHandleVerifier [0x00007FF683A33589+5465]
	BaseThreadInitThunk [0x00007FFA0AE87374+20]
	RtlUserThreadStart [0x00007FFA0CDDCC91+33]

2025-05-12 16:30:40,477 - ERROR - Stack trace:
Traceback (most recent call last):
  File "C:\Users\gabriel.sandres\OneDrive - Sicoob\Área de Trabalho\cod_fonte_registro\registro-chamados-codigo-fonte\main.py", line 496, in preencher_formulario
    campo_documento = WebDriverWait(driver, 30).until(
                      ^^^^^^^^^^^^^^^^^^^^^^^^^^^^^^^^
  File "C:\Users\gabriel.sandres\AppData\Local\Programs\Python\Python312\Lib\site-packages\selenium\webdriver\support\wait.py", line 146, in until
    raise TimeoutException(message, screen, stacktrace)
selenium.common.exceptions.TimeoutException: Message: 
Stacktrace:
	GetHandleVerifier [0x00007FF683A45335+78597]
	GetHandleVerifier [0x00007FF683A45390+78688]
	(No symbol) [0x00007FF6837F91AA]
	(No symbol) [0x00007FF68384F149]
	(No symbol) [0x00007FF68384F3FC]
	(No symbol) [0x00007FF6838A2467]
	(No symbol) [0x00007FF68387712F]
	(No symbol) [0x00007FF68389F2BB]
	(No symbol) [0x00007FF683876EC3]
	(No symbol) [0x00007FF6838403F8]
	(No symbol) [0x00007FF683841163]
	GetHandleVerifier [0x00007FF683CEEEED+2870973]
	GetHandleVerifier [0x00007FF683CE9698+2848360]
	GetHandleVerifier [0x00007FF683D06973+2967875]
	GetHandleVerifier [0x00007FF683A6017A+188746]
	GetHandleVerifier [0x00007FF683A6845F+222255]
	GetHandleVerifier [0x00007FF683A4D2B4+111236]
	GetHandleVerifier [0x00007FF683A4D462+111666]
	GetHandleVerifier [0x00007FF683A33589+5465]
	BaseThreadInitThunk [0x00007FFA0AE87374+20]
	RtlUserThreadStart [0x00007FFA0CDDCC91+33]

2025-05-12 16:30:40,480 - ERROR - [Linha 4] ❌ Erro ao preencher formulário
2025-05-12 16:30:42,481 - INFO - 
==================================================
2025-05-12 16:30:42,481 - INFO - [Linha 5] 📝 Iniciando processamento do registro 6/6
2025-05-12 16:30:42,482 - INFO - 
[Linha 5] Iniciando preenchimento do formulário...
2025-05-12 16:30:42,482 - INFO - [Linha 5] Documento original: 05534899174
2025-05-12 16:30:42,482 - INFO - [Linha 5] Documento formatado: 055.348.991-74
2025-05-12 16:31:04,633 - INFO - Fechando navegador...
2025-05-12 16:31:04,636 - WARNING - Retrying (Retry(total=2, connect=None, read=None, redirect=None, status=None)) after connection broken by 'ConnectionResetError(10054, 'Foi forçado o cancelamento de uma conexão existente pelo host remoto', None, 10054, None)': /session/0af088e690bcd73f8188a76ce8de9974
